2012-11-09T12:40:51.505Z - info: sessid: F9Tckzb6GDimyk-sL2Bl
2012-11-09T12:40:51.507Z - info: action: close
2012-11-09T12:40:56.434Z - info: sessid: F9Tckzb6GDimyk-sL2Bl
2012-11-09T12:40:56.435Z - info: action: close
2012-11-09T12:41:10.166Z - info: sessid: F9Tckzb6GDimyk-sL2Bl
2012-11-09T12:41:10.167Z - info: action: right
2012-11-09T12:41:12.610Z - info: sessid: F9Tckzb6GDimyk-sL2Bl
2012-11-09T12:41:12.611Z - info: action: left
2012-11-09T12:42:37.889Z - info: sessid: JoNctjV55AIOpTqmL2Bo
2012-11-09T12:42:37.890Z - info: action: close
2012-11-09T13:03:47.499Z - info: sessid: rmN5E_HKuocXiVAsPwff
2012-11-09T13:03:47.501Z - info: action: close
2012-11-09T13:03:49.581Z - info: sessid: rmN5E_HKuocXiVAsPwff
2012-11-09T13:03:49.585Z - info: action: right
2012-11-09T13:03:51.046Z - info: sessid: rmN5E_HKuocXiVAsPwff
2012-11-09T13:03:51.046Z - info: action: right
2012-11-09T13:04:33.196Z - info: sessid: HKbZ-rA6cH6B1bZSPwfh
2012-11-09T13:04:33.196Z - info: action: close
2012-11-09T13:04:46.053Z - info: sessid: HKbZ-rA6cH6B1bZSPwfh
2012-11-09T13:04:46.054Z - info: action: right
2012-11-09T13:08:23.507Z - info: sessid: TSK6tMmwSP3CM-IDPwfj
2012-11-09T13:08:23.508Z - info: action: close
2012-11-09T13:09:49.901Z - info: sessid: TSK6tMmwSP3CM-IDPwfj
2012-11-09T13:09:49.902Z - info: action: close
2012-11-09T13:10:41.864Z - info: sessid: TSK6tMmwSP3CM-IDPwfj
2012-11-09T13:10:41.864Z - info: action: close
2012-11-09T13:10:42.294Z - info: sessid: TSK6tMmwSP3CM-IDPwfj
2012-11-09T13:10:42.294Z - info: action: right
2012-11-09T13:10:43.329Z - info: sessid: TSK6tMmwSP3CM-IDPwfj
2012-11-09T13:10:43.330Z - info: action: left
2012-11-09T13:10:44.181Z - info: sessid: TSK6tMmwSP3CM-IDPwfj
2012-11-09T13:10:44.189Z - info: action: right
2012-11-09T13:10:44.290Z - info: sessid: TSK6tMmwSP3CM-IDPwfj
2012-11-09T13:10:44.291Z - info: action: right
2012-11-09T13:10:44.431Z - info: sessid: TSK6tMmwSP3CM-IDPwfj
2012-11-09T13:10:44.435Z - info: action: right
2012-11-09T13:10:44.579Z - info: sessid: TSK6tMmwSP3CM-IDPwfj
2012-11-09T13:10:44.580Z - info: action: right
2012-11-09T13:10:44.679Z - info: sessid: TSK6tMmwSP3CM-IDPwfj
2012-11-09T13:10:44.679Z - info: action: right
2012-11-09T13:10:44.780Z - info: sessid: TSK6tMmwSP3CM-IDPwfj
2012-11-09T13:10:44.781Z - info: action: right
2012-11-09T13:10:52.330Z - info: sessid: TSK6tMmwSP3CM-IDPwfj
2012-11-09T13:10:52.331Z - info: action: right
2012-11-09T13:10:54.184Z - info: sessid: TSK6tMmwSP3CM-IDPwfj
2012-11-09T13:10:54.184Z - info: action: close
2012-11-09T13:10:54.927Z - info: sessid: TSK6tMmwSP3CM-IDPwfj
2012-11-09T13:10:54.927Z - info: action: right
2012-11-09T13:10:56.361Z - info: sessid: TSK6tMmwSP3CM-IDPwfj
2012-11-09T13:10:56.362Z - info: action: right
2012-11-09T13:10:57.859Z - info: sessid: TSK6tMmwSP3CM-IDPwfj
2012-11-09T13:10:57.859Z - info: action: right
2012-11-09T13:11:12.155Z - info: sessid: TSK6tMmwSP3CM-IDPwfj
2012-11-09T13:11:12.156Z - info: action: close
2012-11-09T13:11:22.326Z - info: sessid: TSK6tMmwSP3CM-IDPwfj
2012-11-09T13:11:22.327Z - info: action: close
2012-11-09T13:11:35.538Z - info: sessid: TSK6tMmwSP3CM-IDPwfj
2012-11-09T13:11:35.539Z - info: action: close
2012-11-09T13:11:37.087Z - info: sessid: TSK6tMmwSP3CM-IDPwfj
2012-11-09T13:11:37.087Z - info: action: right
2012-11-09T13:12:09.455Z - info: sessid: mCgMk4Cvr-u9m_8ZPwfr
2012-11-09T13:12:09.456Z - info: action: close
2012-11-09T13:12:11.178Z - info: sessid: mCgMk4Cvr-u9m_8ZPwfr
2012-11-09T13:12:11.178Z - info: action: right
2012-11-09T13:12:12.483Z - info: sessid: mCgMk4Cvr-u9m_8ZPwfr
2012-11-09T13:12:12.483Z - info: action: right
2012-11-09T13:12:13.732Z - info: sessid: mCgMk4Cvr-u9m_8ZPwfr
2012-11-09T13:12:13.733Z - info: action: left
2012-11-09T13:12:14.958Z - info: sessid: mCgMk4Cvr-u9m_8ZPwfr
2012-11-09T13:12:14.959Z - info: action: right
2012-11-09T13:12:15.892Z - info: sessid: mCgMk4Cvr-u9m_8ZPwfr
2012-11-09T13:12:15.893Z - info: action: right
2012-11-09T13:12:17.487Z - info: sessid: mCgMk4Cvr-u9m_8ZPwfr
2012-11-09T13:12:17.488Z - info: action: right
2012-11-09T13:12:20.238Z - info: sessid: mCgMk4Cvr-u9m_8ZPwfr
2012-11-09T13:12:20.238Z - info: action: right
2012-11-09T13:12:21.641Z - info: sessid: mCgMk4Cvr-u9m_8ZPwfr
2012-11-09T13:12:21.641Z - info: action: right
2012-11-09T13:12:22.935Z - info: sessid: mCgMk4Cvr-u9m_8ZPwfr
2012-11-09T13:12:22.936Z - info: action: right
2012-11-09T13:12:24.197Z - info: sessid: mCgMk4Cvr-u9m_8ZPwfr
2012-11-09T13:12:24.198Z - info: action: right
2012-11-09T13:28:14.835Z - info: sessid: iJuEFgPYo4164KWuPwf0
2012-11-09T13:28:14.838Z - info: action: close
2012-11-09T13:28:16.670Z - info: sessid: iJuEFgPYo4164KWuPwf0
2012-11-09T13:28:16.670Z - info: action: close
2012-11-09T13:29:59.158Z - info: sessid: dNuHQ-Uqa3Z5t20tXBZm
2012-11-09T13:29:59.160Z - info: action: close
2012-11-09T13:30:01.356Z - info: sessid: dNuHQ-Uqa3Z5t20tXBZm
2012-11-09T13:30:01.357Z - info: action: right
2012-11-09T13:30:07.128Z - info: sessid: dNuHQ-Uqa3Z5t20tXBZm
2012-11-09T13:30:07.128Z - info: action: right
2012-11-09T13:35:52.497Z - info: sessid: sAtLxYdA_Rr-mz07YDTc
2012-11-09T13:35:52.499Z - info: action: close
2012-11-09T13:35:59.582Z - info: sessid: sAtLxYdA_Rr-mz07YDTc
2012-11-09T13:35:59.582Z - info: action: right
2012-11-09T13:36:07.590Z - info: sessid: sAtLxYdA_Rr-mz07YDTc
2012-11-09T13:36:07.591Z - info: action: right
2012-11-09T13:36:08.684Z - info: sessid: sAtLxYdA_Rr-mz07YDTc
2012-11-09T13:36:08.685Z - info: action: right
2012-11-09T13:36:18.050Z - info: sessid: sAtLxYdA_Rr-mz07YDTc
2012-11-09T13:36:18.051Z - info: action: right
2012-11-09T13:36:19.834Z - info: sessid: sAtLxYdA_Rr-mz07YDTc
2012-11-09T13:36:19.834Z - info: action: left
2012-11-09T13:36:31.503Z - info: sessid: sAtLxYdA_Rr-mz07YDTc
2012-11-09T13:36:31.503Z - info: action: left
2012-11-09T13:36:32.584Z - info: sessid: sAtLxYdA_Rr-mz07YDTc
2012-11-09T13:36:32.585Z - info: action: left
2012-11-09T13:36:34.464Z - info: sessid: sAtLxYdA_Rr-mz07YDTc
2012-11-09T13:36:34.464Z - info: action: right
2012-11-09T13:36:35.517Z - info: sessid: sAtLxYdA_Rr-mz07YDTc
2012-11-09T13:36:35.518Z - info: action: right
2012-11-09T13:36:42.369Z - info: sessid: WHrcQgfljspcRrG-YDTe
2012-11-09T13:36:42.370Z - info: action: close
2012-11-09T13:36:45.658Z - info: sessid: WHrcQgfljspcRrG-YDTe
2012-11-09T13:36:45.658Z - info: action: right
2012-11-09T13:36:47.579Z - info: sessid: WHrcQgfljspcRrG-YDTe
2012-11-09T13:36:47.580Z - info: action: right
2012-11-09T13:36:48.436Z - info: sessid: WHrcQgfljspcRrG-YDTe
2012-11-09T13:36:48.436Z - info: action: right
2012-11-09T13:36:49.073Z - info: sessid: WHrcQgfljspcRrG-YDTe
2012-11-09T13:36:49.073Z - info: action: right
2012-11-09T13:36:49.793Z - info: sessid: WHrcQgfljspcRrG-YDTe
2012-11-09T13:36:49.794Z - info: action: right
2012-11-09T13:39:07.719Z - info: sessid: aojDg2qlSJiJCVHaYDTg
2012-11-09T13:39:07.719Z - info: action: close
2012-11-09T13:39:28.344Z - info: sessid: Yztfzcdy2B4zyRADYDTi
2012-11-09T13:39:28.344Z - info: action: close
