2012-11-09T12:42:37.899Z - crit: Error: not found
    at Socket.<anonymous> (/home/socket_bookmarklet/app.js:61:13)
    at Socket.Domain.bind.b (domain.js:201:18)
    at Socket.EventEmitter.emit [as $emit] (events.js:96:17)
    at SocketNamespace.handlePacket (/home/socket_bookmarklet/node_modules/socket.io/lib/namespace.js:353:20)
    at Manager.onClientMessage (/home/socket_bookmarklet/node_modules/socket.io/lib/manager.js:487:38)
    at WebSocket.Transport.onMessage (/home/socket_bookmarklet/node_modules/socket.io/lib/transport.js:387:20)
    at Parser.<anonymous> (/home/socket_bookmarklet/node_modules/socket.io/lib/transports/websocket/hybi-16.js:39:10)
    at Parser.EventEmitter.emit (events.js:96:17)
    at opcodeHandlers.1.finish (/home/socket_bookmarklet/node_modules/socket.io/lib/transports/websocket/hybi-16.js:288:16)
    at Parser.opcodeHandlers.1.expectData [as expectHandler] (/home/socket_bookmarklet/node_modules/socket.io/lib/transports/websocket/hybi-16.js:299:15)
2012-11-09T14:23:09.131Z - crit: Error: not found
    at Socket.<anonymous> (/home/socket_bookmarklet/app.js:61:13)
    at Socket.Domain.bind.b (domain.js:201:18)
    at Socket.EventEmitter.emit [as $emit] (events.js:96:17)
    at SocketNamespace.handlePacket (/home/socket_bookmarklet/node_modules/socket.io/lib/namespace.js:353:20)
    at Manager.onClientMessage (/home/socket_bookmarklet/node_modules/socket.io/lib/manager.js:487:38)
    at WebSocket.Transport.onMessage (/home/socket_bookmarklet/node_modules/socket.io/lib/transport.js:387:20)
    at Parser.<anonymous> (/home/socket_bookmarklet/node_modules/socket.io/lib/transports/websocket/hybi-16.js:39:10)
    at Parser.EventEmitter.emit (events.js:96:17)
    at opcodeHandlers.1.finish (/home/socket_bookmarklet/node_modules/socket.io/lib/transports/websocket/hybi-16.js:288:16)
    at Parser.opcodeHandlers.1.expectData [as expectHandler] (/home/socket_bookmarklet/node_modules/socket.io/lib/transports/websocket/hybi-16.js:299:15)
2012-11-09T14:29:30.226Z - crit: Error: not found
    at Socket.<anonymous> (/home/socket_bookmarklet/app.js:61:13)
    at Socket.Domain.bind.b (domain.js:201:18)
    at Socket.EventEmitter.emit [as $emit] (events.js:96:17)
    at SocketNamespace.handlePacket (/home/socket_bookmarklet/node_modules/socket.io/lib/namespace.js:353:20)
    at Manager.onClientMessage (/home/socket_bookmarklet/node_modules/socket.io/lib/manager.js:487:38)
    at WebSocket.Transport.onMessage (/home/socket_bookmarklet/node_modules/socket.io/lib/transport.js:387:20)
    at Parser.<anonymous> (/home/socket_bookmarklet/node_modules/socket.io/lib/transports/websocket/hybi-16.js:39:10)
    at Parser.EventEmitter.emit (events.js:96:17)
    at opcodeHandlers.1.finish (/home/socket_bookmarklet/node_modules/socket.io/lib/transports/websocket/hybi-16.js:288:16)
    at Parser.opcodeHandlers.1.expectData [as expectHandler] (/home/socket_bookmarklet/node_modules/socket.io/lib/transports/websocket/hybi-16.js:299:15)
2012-11-10T00:47:12.968Z - crit: Error: not found
    at Socket.<anonymous> (/home/socket_bookmarklet/app.js:61:13)
    at Socket.Domain.bind.b (domain.js:201:18)
    at Socket.EventEmitter.emit [as $emit] (events.js:96:17)
    at SocketNamespace.handlePacket (/home/socket_bookmarklet/node_modules/socket.io/lib/namespace.js:353:20)
    at Manager.onClientMessage (/home/socket_bookmarklet/node_modules/socket.io/lib/manager.js:487:38)
    at WebSocket.Transport.onMessage (/home/socket_bookmarklet/node_modules/socket.io/lib/transport.js:387:20)
    at Parser.<anonymous> (/home/socket_bookmarklet/node_modules/socket.io/lib/transports/websocket/hybi-16.js:39:10)
    at Parser.EventEmitter.emit (events.js:96:17)
    at opcodeHandlers.1.finish (/home/socket_bookmarklet/node_modules/socket.io/lib/transports/websocket/hybi-16.js:288:16)
    at Parser.opcodeHandlers.1.expectData [as expectHandler] (/home/socket_bookmarklet/node_modules/socket.io/lib/transports/websocket/hybi-16.js:299:15)
2012-11-10T01:42:49.475Z - crit: Error: not found
    at Socket.<anonymous> (/home/socket_bookmarklet/app.js:62:13)
    at Socket.Domain.bind.b (domain.js:201:18)
    at Socket.EventEmitter.emit [as $emit] (events.js:96:17)
    at SocketNamespace.handlePacket (/home/socket_bookmarklet/node_modules/socket.io/lib/namespace.js:353:20)
    at Manager.onClientMessage (/home/socket_bookmarklet/node_modules/socket.io/lib/manager.js:487:38)
    at WebSocket.Transport.onMessage (/home/socket_bookmarklet/node_modules/socket.io/lib/transport.js:387:20)
    at Parser.<anonymous> (/home/socket_bookmarklet/node_modules/socket.io/lib/transports/websocket/hybi-16.js:39:10)
    at Parser.EventEmitter.emit (events.js:96:17)
    at opcodeHandlers.1.finish (/home/socket_bookmarklet/node_modules/socket.io/lib/transports/websocket/hybi-16.js:288:16)
    at Parser.opcodeHandlers.1.expectData [as expectHandler] (/home/socket_bookmarklet/node_modules/socket.io/lib/transports/websocket/hybi-16.js:299:15)
2012-11-10T02:03:03.665Z - crit: Error: not found
    at Socket.<anonymous> (/home/socket_bookmarklet/app.js:62:13)
    at Socket.Domain.bind.b (domain.js:201:18)
    at Socket.EventEmitter.emit [as $emit] (events.js:96:17)
    at SocketNamespace.handlePacket (/home/socket_bookmarklet/node_modules/socket.io/lib/namespace.js:353:20)
    at Manager.onClientMessage (/home/socket_bookmarklet/node_modules/socket.io/lib/manager.js:487:38)
    at WebSocket.Transport.onMessage (/home/socket_bookmarklet/node_modules/socket.io/lib/transport.js:387:20)
    at Parser.<anonymous> (/home/socket_bookmarklet/node_modules/socket.io/lib/transports/websocket/hybi-16.js:39:10)
    at Parser.EventEmitter.emit (events.js:96:17)
    at opcodeHandlers.1.finish (/home/socket_bookmarklet/node_modules/socket.io/lib/transports/websocket/hybi-16.js:288:16)
    at Parser.opcodeHandlers.1.expectData [as expectHandler] (/home/socket_bookmarklet/node_modules/socket.io/lib/transports/websocket/hybi-16.js:299:15)
2012-11-10T02:03:39.236Z - crit: Error: not found
    at Socket.<anonymous> (/home/socket_bookmarklet/app.js:62:13)
    at Socket.Domain.bind.b (domain.js:201:18)
    at Socket.EventEmitter.emit [as $emit] (events.js:96:17)
    at SocketNamespace.handlePacket (/home/socket_bookmarklet/node_modules/socket.io/lib/namespace.js:353:20)
    at Manager.onClientMessage (/home/socket_bookmarklet/node_modules/socket.io/lib/manager.js:487:38)
    at WebSocket.Transport.onMessage (/home/socket_bookmarklet/node_modules/socket.io/lib/transport.js:387:20)
    at Parser.<anonymous> (/home/socket_bookmarklet/node_modules/socket.io/lib/transports/websocket/hybi-16.js:39:10)
    at Parser.EventEmitter.emit (events.js:96:17)
    at opcodeHandlers.1.finish (/home/socket_bookmarklet/node_modules/socket.io/lib/transports/websocket/hybi-16.js:288:16)
    at Parser.opcodeHandlers.1.expectData [as expectHandler] (/home/socket_bookmarklet/node_modules/socket.io/lib/transports/websocket/hybi-16.js:299:15)
2012-11-10T02:03:52.850Z - crit: Error: not found
    at Socket.<anonymous> (/home/socket_bookmarklet/app.js:62:13)
    at Socket.Domain.bind.b (domain.js:201:18)
    at Socket.EventEmitter.emit [as $emit] (events.js:96:17)
    at SocketNamespace.handlePacket (/home/socket_bookmarklet/node_modules/socket.io/lib/namespace.js:353:20)
    at Manager.onClientMessage (/home/socket_bookmarklet/node_modules/socket.io/lib/manager.js:487:38)
    at WebSocket.Transport.onMessage (/home/socket_bookmarklet/node_modules/socket.io/lib/transport.js:387:20)
    at Parser.<anonymous> (/home/socket_bookmarklet/node_modules/socket.io/lib/transports/websocket/hybi-16.js:39:10)
    at Parser.EventEmitter.emit (events.js:96:17)
    at opcodeHandlers.1.finish (/home/socket_bookmarklet/node_modules/socket.io/lib/transports/websocket/hybi-16.js:288:16)
    at Parser.opcodeHandlers.1.expectData [as expectHandler] (/home/socket_bookmarklet/node_modules/socket.io/lib/transports/websocket/hybi-16.js:299:15)
2012-11-10T02:04:12.084Z - crit: Error: not found
    at Socket.<anonymous> (/home/socket_bookmarklet/app.js:62:13)
    at Socket.Domain.bind.b (domain.js:201:18)
    at Socket.EventEmitter.emit [as $emit] (events.js:96:17)
    at SocketNamespace.handlePacket (/home/socket_bookmarklet/node_modules/socket.io/lib/namespace.js:353:20)
    at Manager.onClientMessage (/home/socket_bookmarklet/node_modules/socket.io/lib/manager.js:487:38)
    at WebSocket.Transport.onMessage (/home/socket_bookmarklet/node_modules/socket.io/lib/transport.js:387:20)
    at Parser.<anonymous> (/home/socket_bookmarklet/node_modules/socket.io/lib/transports/websocket/hybi-16.js:39:10)
    at Parser.EventEmitter.emit (events.js:96:17)
    at opcodeHandlers.1.finish (/home/socket_bookmarklet/node_modules/socket.io/lib/transports/websocket/hybi-16.js:288:16)
    at Parser.opcodeHandlers.1.expectData [as expectHandler] (/home/socket_bookmarklet/node_modules/socket.io/lib/transports/websocket/hybi-16.js:299:15)
2012-11-10T02:04:17.600Z - crit: Error: not found
    at Socket.<anonymous> (/home/socket_bookmarklet/app.js:62:13)
    at Socket.Domain.bind.b (domain.js:201:18)
    at Socket.EventEmitter.emit [as $emit] (events.js:96:17)
    at SocketNamespace.handlePacket (/home/socket_bookmarklet/node_modules/socket.io/lib/namespace.js:353:20)
    at Manager.onClientMessage (/home/socket_bookmarklet/node_modules/socket.io/lib/manager.js:487:38)
    at WebSocket.Transport.onMessage (/home/socket_bookmarklet/node_modules/socket.io/lib/transport.js:387:20)
    at Parser.<anonymous> (/home/socket_bookmarklet/node_modules/socket.io/lib/transports/websocket/hybi-16.js:39:10)
    at Parser.EventEmitter.emit (events.js:96:17)
    at opcodeHandlers.1.finish (/home/socket_bookmarklet/node_modules/socket.io/lib/transports/websocket/hybi-16.js:288:16)
    at Parser.opcodeHandlers.1.expectData [as expectHandler] (/home/socket_bookmarklet/node_modules/socket.io/lib/transports/websocket/hybi-16.js:299:15)
2012-11-10T02:06:05.922Z - crit: Error: not found
    at Socket.<anonymous> (/home/socket_bookmarklet/app.js:62:13)
    at Socket.Domain.bind.b (domain.js:201:18)
    at Socket.EventEmitter.emit [as $emit] (events.js:96:17)
    at SocketNamespace.handlePacket (/home/socket_bookmarklet/node_modules/socket.io/lib/namespace.js:353:20)
    at Manager.onClientMessage (/home/socket_bookmarklet/node_modules/socket.io/lib/manager.js:487:38)
    at WebSocket.Transport.onMessage (/home/socket_bookmarklet/node_modules/socket.io/lib/transport.js:387:20)
    at Parser.<anonymous> (/home/socket_bookmarklet/node_modules/socket.io/lib/transports/websocket/hybi-16.js:39:10)
    at Parser.EventEmitter.emit (events.js:96:17)
    at opcodeHandlers.1.finish (/home/socket_bookmarklet/node_modules/socket.io/lib/transports/websocket/hybi-16.js:288:16)
    at Parser.opcodeHandlers.1.expectData [as expectHandler] (/home/socket_bookmarklet/node_modules/socket.io/lib/transports/websocket/hybi-16.js:299:15)
2012-11-10T02:06:33.858Z - crit: Error: not found
    at Socket.<anonymous> (/home/socket_bookmarklet/app.js:62:13)
    at Socket.Domain.bind.b (domain.js:201:18)
    at Socket.EventEmitter.emit [as $emit] (events.js:96:17)
    at SocketNamespace.handlePacket (/home/socket_bookmarklet/node_modules/socket.io/lib/namespace.js:353:20)
    at Manager.onClientMessage (/home/socket_bookmarklet/node_modules/socket.io/lib/manager.js:487:38)
    at WebSocket.Transport.onMessage (/home/socket_bookmarklet/node_modules/socket.io/lib/transport.js:387:20)
    at Parser.<anonymous> (/home/socket_bookmarklet/node_modules/socket.io/lib/transports/websocket/hybi-16.js:39:10)
    at Parser.EventEmitter.emit (events.js:96:17)
    at opcodeHandlers.1.finish (/home/socket_bookmarklet/node_modules/socket.io/lib/transports/websocket/hybi-16.js:288:16)
    at Parser.opcodeHandlers.1.expectData [as expectHandler] (/home/socket_bookmarklet/node_modules/socket.io/lib/transports/websocket/hybi-16.js:299:15)
2012-11-10T02:06:42.351Z - crit: Error: not found
    at Socket.<anonymous> (/home/socket_bookmarklet/app.js:62:13)
    at Socket.Domain.bind.b (domain.js:201:18)
    at Socket.EventEmitter.emit [as $emit] (events.js:96:17)
    at SocketNamespace.handlePacket (/home/socket_bookmarklet/node_modules/socket.io/lib/namespace.js:353:20)
    at Manager.onClientMessage (/home/socket_bookmarklet/node_modules/socket.io/lib/manager.js:487:38)
    at WebSocket.Transport.onMessage (/home/socket_bookmarklet/node_modules/socket.io/lib/transport.js:387:20)
    at Parser.<anonymous> (/home/socket_bookmarklet/node_modules/socket.io/lib/transports/websocket/hybi-16.js:39:10)
    at Parser.EventEmitter.emit (events.js:96:17)
    at opcodeHandlers.1.finish (/home/socket_bookmarklet/node_modules/socket.io/lib/transports/websocket/hybi-16.js:288:16)
    at Parser.opcodeHandlers.1.expectData [as expectHandler] (/home/socket_bookmarklet/node_modules/socket.io/lib/transports/websocket/hybi-16.js:299:15)
2012-11-10T02:07:12.684Z - crit: Error: not found
    at Socket.<anonymous> (/home/socket_bookmarklet/app.js:62:13)
    at Socket.Domain.bind.b (domain.js:201:18)
    at Socket.EventEmitter.emit [as $emit] (events.js:96:17)
    at SocketNamespace.handlePacket (/home/socket_bookmarklet/node_modules/socket.io/lib/namespace.js:353:20)
    at Manager.onClientMessage (/home/socket_bookmarklet/node_modules/socket.io/lib/manager.js:487:38)
    at WebSocket.Transport.onMessage (/home/socket_bookmarklet/node_modules/socket.io/lib/transport.js:387:20)
    at Parser.<anonymous> (/home/socket_bookmarklet/node_modules/socket.io/lib/transports/websocket/hybi-16.js:39:10)
    at Parser.EventEmitter.emit (events.js:96:17)
    at opcodeHandlers.1.finish (/home/socket_bookmarklet/node_modules/socket.io/lib/transports/websocket/hybi-16.js:288:16)
    at Parser.opcodeHandlers.1.expectData [as expectHandler] (/home/socket_bookmarklet/node_modules/socket.io/lib/transports/websocket/hybi-16.js:299:15)
2012-11-10T02:07:42.616Z - crit: Error: not found
    at Socket.<anonymous> (/home/socket_bookmarklet/app.js:62:13)
    at Socket.Domain.bind.b (domain.js:201:18)
    at Socket.EventEmitter.emit [as $emit] (events.js:96:17)
    at SocketNamespace.handlePacket (/home/socket_bookmarklet/node_modules/socket.io/lib/namespace.js:353:20)
    at Manager.onClientMessage (/home/socket_bookmarklet/node_modules/socket.io/lib/manager.js:487:38)
    at WebSocket.Transport.onMessage (/home/socket_bookmarklet/node_modules/socket.io/lib/transport.js:387:20)
    at Parser.<anonymous> (/home/socket_bookmarklet/node_modules/socket.io/lib/transports/websocket/hybi-16.js:39:10)
    at Parser.EventEmitter.emit (events.js:96:17)
    at opcodeHandlers.1.finish (/home/socket_bookmarklet/node_modules/socket.io/lib/transports/websocket/hybi-16.js:288:16)
    at Parser.opcodeHandlers.1.expectData [as expectHandler] (/home/socket_bookmarklet/node_modules/socket.io/lib/transports/websocket/hybi-16.js:299:15)
2012-11-10T02:08:24.015Z - crit: Error: not found
    at Socket.<anonymous> (/home/socket_bookmarklet/app.js:62:13)
    at Socket.Domain.bind.b (domain.js:201:18)
    at Socket.EventEmitter.emit [as $emit] (events.js:96:17)
    at SocketNamespace.handlePacket (/home/socket_bookmarklet/node_modules/socket.io/lib/namespace.js:353:20)
    at Manager.onClientMessage (/home/socket_bookmarklet/node_modules/socket.io/lib/manager.js:487:38)
    at WebSocket.Transport.onMessage (/home/socket_bookmarklet/node_modules/socket.io/lib/transport.js:387:20)
    at Parser.<anonymous> (/home/socket_bookmarklet/node_modules/socket.io/lib/transports/websocket/hybi-16.js:39:10)
    at Parser.EventEmitter.emit (events.js:96:17)
    at opcodeHandlers.1.finish (/home/socket_bookmarklet/node_modules/socket.io/lib/transports/websocket/hybi-16.js:288:16)
    at Parser.opcodeHandlers.1.expectData [as expectHandler] (/home/socket_bookmarklet/node_modules/socket.io/lib/transports/websocket/hybi-16.js:299:15)
2012-11-10T02:08:59.916Z - crit: Error: not found
    at Socket.<anonymous> (/home/socket_bookmarklet/app.js:62:13)
    at Socket.Domain.bind.b (domain.js:201:18)
    at Socket.EventEmitter.emit [as $emit] (events.js:96:17)
    at SocketNamespace.handlePacket (/home/socket_bookmarklet/node_modules/socket.io/lib/namespace.js:353:20)
    at Manager.onClientMessage (/home/socket_bookmarklet/node_modules/socket.io/lib/manager.js:487:38)
    at WebSocket.Transport.onMessage (/home/socket_bookmarklet/node_modules/socket.io/lib/transport.js:387:20)
    at Parser.<anonymous> (/home/socket_bookmarklet/node_modules/socket.io/lib/transports/websocket/hybi-16.js:39:10)
    at Parser.EventEmitter.emit (events.js:96:17)
    at opcodeHandlers.1.finish (/home/socket_bookmarklet/node_modules/socket.io/lib/transports/websocket/hybi-16.js:288:16)
    at Parser.opcodeHandlers.1.expectData [as expectHandler] (/home/socket_bookmarklet/node_modules/socket.io/lib/transports/websocket/hybi-16.js:299:15)
2012-11-10T02:09:19.763Z - crit: Error: not found
    at Socket.<anonymous> (/home/socket_bookmarklet/app.js:62:13)
    at Socket.Domain.bind.b (domain.js:201:18)
    at Socket.EventEmitter.emit [as $emit] (events.js:96:17)
    at SocketNamespace.handlePacket (/home/socket_bookmarklet/node_modules/socket.io/lib/namespace.js:353:20)
    at Manager.onClientMessage (/home/socket_bookmarklet/node_modules/socket.io/lib/manager.js:487:38)
    at WebSocket.Transport.onMessage (/home/socket_bookmarklet/node_modules/socket.io/lib/transport.js:387:20)
    at Parser.<anonymous> (/home/socket_bookmarklet/node_modules/socket.io/lib/transports/websocket/hybi-16.js:39:10)
    at Parser.EventEmitter.emit (events.js:96:17)
    at opcodeHandlers.1.finish (/home/socket_bookmarklet/node_modules/socket.io/lib/transports/websocket/hybi-16.js:288:16)
    at Parser.opcodeHandlers.1.expectData [as expectHandler] (/home/socket_bookmarklet/node_modules/socket.io/lib/transports/websocket/hybi-16.js:299:15)
2012-11-10T02:10:06.439Z - crit: Error: not found
    at Socket.<anonymous> (/home/socket_bookmarklet/app.js:62:13)
    at Socket.Domain.bind.b (domain.js:201:18)
    at Socket.EventEmitter.emit [as $emit] (events.js:96:17)
    at SocketNamespace.handlePacket (/home/socket_bookmarklet/node_modules/socket.io/lib/namespace.js:353:20)
    at Manager.onClientMessage (/home/socket_bookmarklet/node_modules/socket.io/lib/manager.js:487:38)
    at WebSocket.Transport.onMessage (/home/socket_bookmarklet/node_modules/socket.io/lib/transport.js:387:20)
    at Parser.<anonymous> (/home/socket_bookmarklet/node_modules/socket.io/lib/transports/websocket/hybi-16.js:39:10)
    at Parser.EventEmitter.emit (events.js:96:17)
    at opcodeHandlers.1.finish (/home/socket_bookmarklet/node_modules/socket.io/lib/transports/websocket/hybi-16.js:288:16)
    at Parser.opcodeHandlers.1.expectData [as expectHandler] (/home/socket_bookmarklet/node_modules/socket.io/lib/transports/websocket/hybi-16.js:299:15)
2012-11-10T02:10:14.818Z - crit: Error: not found
    at Socket.<anonymous> (/home/socket_bookmarklet/app.js:62:13)
    at Socket.Domain.bind.b (domain.js:201:18)
    at Socket.EventEmitter.emit [as $emit] (events.js:96:17)
    at SocketNamespace.handlePacket (/home/socket_bookmarklet/node_modules/socket.io/lib/namespace.js:353:20)
    at Manager.onClientMessage (/home/socket_bookmarklet/node_modules/socket.io/lib/manager.js:487:38)
    at WebSocket.Transport.onMessage (/home/socket_bookmarklet/node_modules/socket.io/lib/transport.js:387:20)
    at Parser.<anonymous> (/home/socket_bookmarklet/node_modules/socket.io/lib/transports/websocket/hybi-16.js:39:10)
    at Parser.EventEmitter.emit (events.js:96:17)
    at opcodeHandlers.1.finish (/home/socket_bookmarklet/node_modules/socket.io/lib/transports/websocket/hybi-16.js:288:16)
    at Parser.opcodeHandlers.1.expectData [as expectHandler] (/home/socket_bookmarklet/node_modules/socket.io/lib/transports/websocket/hybi-16.js:299:15)
2012-11-10T02:10:42.286Z - crit: Error: not found
    at Socket.<anonymous> (/home/socket_bookmarklet/app.js:62:13)
    at Socket.Domain.bind.b (domain.js:201:18)
    at Socket.EventEmitter.emit [as $emit] (events.js:96:17)
    at SocketNamespace.handlePacket (/home/socket_bookmarklet/node_modules/socket.io/lib/namespace.js:353:20)
    at Manager.onClientMessage (/home/socket_bookmarklet/node_modules/socket.io/lib/manager.js:487:38)
    at WebSocket.Transport.onMessage (/home/socket_bookmarklet/node_modules/socket.io/lib/transport.js:387:20)
    at Parser.<anonymous> (/home/socket_bookmarklet/node_modules/socket.io/lib/transports/websocket/hybi-16.js:39:10)
    at Parser.EventEmitter.emit (events.js:96:17)
    at opcodeHandlers.1.finish (/home/socket_bookmarklet/node_modules/socket.io/lib/transports/websocket/hybi-16.js:288:16)
    at Parser.opcodeHandlers.1.expectData [as expectHandler] (/home/socket_bookmarklet/node_modules/socket.io/lib/transports/websocket/hybi-16.js:299:15)
2012-11-10T02:10:51.307Z - crit: Error: not found
    at Socket.<anonymous> (/home/socket_bookmarklet/app.js:62:13)
    at Socket.Domain.bind.b (domain.js:201:18)
    at Socket.EventEmitter.emit [as $emit] (events.js:96:17)
    at SocketNamespace.handlePacket (/home/socket_bookmarklet/node_modules/socket.io/lib/namespace.js:353:20)
    at Manager.onClientMessage (/home/socket_bookmarklet/node_modules/socket.io/lib/manager.js:487:38)
    at WebSocket.Transport.onMessage (/home/socket_bookmarklet/node_modules/socket.io/lib/transport.js:387:20)
    at Parser.<anonymous> (/home/socket_bookmarklet/node_modules/socket.io/lib/transports/websocket/hybi-16.js:39:10)
    at Parser.EventEmitter.emit (events.js:96:17)
    at opcodeHandlers.1.finish (/home/socket_bookmarklet/node_modules/socket.io/lib/transports/websocket/hybi-16.js:288:16)
    at Parser.opcodeHandlers.1.expectData [as expectHandler] (/home/socket_bookmarklet/node_modules/socket.io/lib/transports/websocket/hybi-16.js:299:15)
2012-11-10T02:11:17.755Z - crit: Error: not found
    at Socket.<anonymous> (/home/socket_bookmarklet/app.js:62:13)
    at Socket.Domain.bind.b (domain.js:201:18)
    at Socket.EventEmitter.emit [as $emit] (events.js:96:17)
    at SocketNamespace.handlePacket (/home/socket_bookmarklet/node_modules/socket.io/lib/namespace.js:353:20)
    at Manager.onClientMessage (/home/socket_bookmarklet/node_modules/socket.io/lib/manager.js:487:38)
    at WebSocket.Transport.onMessage (/home/socket_bookmarklet/node_modules/socket.io/lib/transport.js:387:20)
    at Parser.<anonymous> (/home/socket_bookmarklet/node_modules/socket.io/lib/transports/websocket/hybi-16.js:39:10)
    at Parser.EventEmitter.emit (events.js:96:17)
    at opcodeHandlers.1.finish (/home/socket_bookmarklet/node_modules/socket.io/lib/transports/websocket/hybi-16.js:288:16)
    at Parser.opcodeHandlers.1.expectData [as expectHandler] (/home/socket_bookmarklet/node_modules/socket.io/lib/transports/websocket/hybi-16.js:299:15)
2012-11-10T02:11:33.232Z - crit: Error: not found
    at Socket.<anonymous> (/home/socket_bookmarklet/app.js:62:13)
    at Socket.Domain.bind.b (domain.js:201:18)
    at Socket.EventEmitter.emit [as $emit] (events.js:96:17)
    at SocketNamespace.handlePacket (/home/socket_bookmarklet/node_modules/socket.io/lib/namespace.js:353:20)
    at Manager.onClientMessage (/home/socket_bookmarklet/node_modules/socket.io/lib/manager.js:487:38)
    at WebSocket.Transport.onMessage (/home/socket_bookmarklet/node_modules/socket.io/lib/transport.js:387:20)
    at Parser.<anonymous> (/home/socket_bookmarklet/node_modules/socket.io/lib/transports/websocket/hybi-16.js:39:10)
    at Parser.EventEmitter.emit (events.js:96:17)
    at opcodeHandlers.1.finish (/home/socket_bookmarklet/node_modules/socket.io/lib/transports/websocket/hybi-16.js:288:16)
    at Parser.opcodeHandlers.1.expectData [as expectHandler] (/home/socket_bookmarklet/node_modules/socket.io/lib/transports/websocket/hybi-16.js:299:15)
2012-11-10T02:13:35.480Z - crit: Error: not found
    at Socket.<anonymous> (/home/socket_bookmarklet/app.js:62:13)
    at Socket.Domain.bind.b (domain.js:201:18)
    at Socket.EventEmitter.emit [as $emit] (events.js:96:17)
    at SocketNamespace.handlePacket (/home/socket_bookmarklet/node_modules/socket.io/lib/namespace.js:353:20)
    at Manager.onClientMessage (/home/socket_bookmarklet/node_modules/socket.io/lib/manager.js:487:38)
    at WebSocket.Transport.onMessage (/home/socket_bookmarklet/node_modules/socket.io/lib/transport.js:387:20)
    at Parser.<anonymous> (/home/socket_bookmarklet/node_modules/socket.io/lib/transports/websocket/hybi-16.js:39:10)
    at Parser.EventEmitter.emit (events.js:96:17)
    at opcodeHandlers.1.finish (/home/socket_bookmarklet/node_modules/socket.io/lib/transports/websocket/hybi-16.js:288:16)
    at Parser.opcodeHandlers.1.expectData [as expectHandler] (/home/socket_bookmarklet/node_modules/socket.io/lib/transports/websocket/hybi-16.js:299:15)
2012-11-10T02:13:50.973Z - crit: Error: not found
    at Socket.<anonymous> (/home/socket_bookmarklet/app.js:62:13)
    at Socket.Domain.bind.b (domain.js:201:18)
    at Socket.EventEmitter.emit [as $emit] (events.js:96:17)
    at SocketNamespace.handlePacket (/home/socket_bookmarklet/node_modules/socket.io/lib/namespace.js:353:20)
    at Manager.onClientMessage (/home/socket_bookmarklet/node_modules/socket.io/lib/manager.js:487:38)
    at WebSocket.Transport.onMessage (/home/socket_bookmarklet/node_modules/socket.io/lib/transport.js:387:20)
    at Parser.<anonymous> (/home/socket_bookmarklet/node_modules/socket.io/lib/transports/websocket/hybi-16.js:39:10)
    at Parser.EventEmitter.emit (events.js:96:17)
    at opcodeHandlers.1.finish (/home/socket_bookmarklet/node_modules/socket.io/lib/transports/websocket/hybi-16.js:288:16)
    at Parser.opcodeHandlers.1.expectData [as expectHandler] (/home/socket_bookmarklet/node_modules/socket.io/lib/transports/websocket/hybi-16.js:299:15)
2012-11-10T02:13:56.896Z - crit: Error: not found
    at Socket.<anonymous> (/home/socket_bookmarklet/app.js:62:13)
    at Socket.Domain.bind.b (domain.js:201:18)
    at Socket.EventEmitter.emit [as $emit] (events.js:96:17)
    at SocketNamespace.handlePacket (/home/socket_bookmarklet/node_modules/socket.io/lib/namespace.js:353:20)
    at Manager.onClientMessage (/home/socket_bookmarklet/node_modules/socket.io/lib/manager.js:487:38)
    at WebSocket.Transport.onMessage (/home/socket_bookmarklet/node_modules/socket.io/lib/transport.js:387:20)
    at Parser.<anonymous> (/home/socket_bookmarklet/node_modules/socket.io/lib/transports/websocket/hybi-16.js:39:10)
    at Parser.EventEmitter.emit (events.js:96:17)
    at opcodeHandlers.1.finish (/home/socket_bookmarklet/node_modules/socket.io/lib/transports/websocket/hybi-16.js:288:16)
    at Parser.opcodeHandlers.1.expectData [as expectHandler] (/home/socket_bookmarklet/node_modules/socket.io/lib/transports/websocket/hybi-16.js:299:15)
2012-11-10T02:14:13.019Z - crit: Error: not found
    at Socket.<anonymous> (/home/socket_bookmarklet/app.js:62:13)
    at Socket.Domain.bind.b (domain.js:201:18)
    at Socket.EventEmitter.emit [as $emit] (events.js:96:17)
    at SocketNamespace.handlePacket (/home/socket_bookmarklet/node_modules/socket.io/lib/namespace.js:353:20)
    at Manager.onClientMessage (/home/socket_bookmarklet/node_modules/socket.io/lib/manager.js:487:38)
    at WebSocket.Transport.onMessage (/home/socket_bookmarklet/node_modules/socket.io/lib/transport.js:387:20)
    at Parser.<anonymous> (/home/socket_bookmarklet/node_modules/socket.io/lib/transports/websocket/hybi-16.js:39:10)
    at Parser.EventEmitter.emit (events.js:96:17)
    at opcodeHandlers.1.finish (/home/socket_bookmarklet/node_modules/socket.io/lib/transports/websocket/hybi-16.js:288:16)
    at Parser.opcodeHandlers.1.expectData [as expectHandler] (/home/socket_bookmarklet/node_modules/socket.io/lib/transports/websocket/hybi-16.js:299:15)
2012-11-10T02:14:50.067Z - crit: Error: not found
    at Socket.<anonymous> (/home/socket_bookmarklet/app.js:62:13)
    at Socket.Domain.bind.b (domain.js:201:18)
    at Socket.EventEmitter.emit [as $emit] (events.js:96:17)
    at SocketNamespace.handlePacket (/home/socket_bookmarklet/node_modules/socket.io/lib/namespace.js:353:20)
    at Manager.onClientMessage (/home/socket_bookmarklet/node_modules/socket.io/lib/manager.js:487:38)
    at WebSocket.Transport.onMessage (/home/socket_bookmarklet/node_modules/socket.io/lib/transport.js:387:20)
    at Parser.<anonymous> (/home/socket_bookmarklet/node_modules/socket.io/lib/transports/websocket/hybi-16.js:39:10)
    at Parser.EventEmitter.emit (events.js:96:17)
    at opcodeHandlers.1.finish (/home/socket_bookmarklet/node_modules/socket.io/lib/transports/websocket/hybi-16.js:288:16)
    at Parser.opcodeHandlers.1.expectData [as expectHandler] (/home/socket_bookmarklet/node_modules/socket.io/lib/transports/websocket/hybi-16.js:299:15)
2012-11-10T02:14:58.689Z - crit: Error: not found
    at Socket.<anonymous> (/home/socket_bookmarklet/app.js:62:13)
    at Socket.Domain.bind.b (domain.js:201:18)
    at Socket.EventEmitter.emit [as $emit] (events.js:96:17)
    at SocketNamespace.handlePacket (/home/socket_bookmarklet/node_modules/socket.io/lib/namespace.js:353:20)
    at Manager.onClientMessage (/home/socket_bookmarklet/node_modules/socket.io/lib/manager.js:487:38)
    at WebSocket.Transport.onMessage (/home/socket_bookmarklet/node_modules/socket.io/lib/transport.js:387:20)
    at Parser.<anonymous> (/home/socket_bookmarklet/node_modules/socket.io/lib/transports/websocket/hybi-16.js:39:10)
    at Parser.EventEmitter.emit (events.js:96:17)
    at opcodeHandlers.1.finish (/home/socket_bookmarklet/node_modules/socket.io/lib/transports/websocket/hybi-16.js:288:16)
    at Parser.opcodeHandlers.1.expectData [as expectHandler] (/home/socket_bookmarklet/node_modules/socket.io/lib/transports/websocket/hybi-16.js:299:15)
2012-11-10T02:17:12.236Z - crit: Error: not found
    at Socket.<anonymous> (/home/socket_bookmarklet/app.js:62:13)
    at Socket.Domain.bind.b (domain.js:201:18)
    at Socket.EventEmitter.emit [as $emit] (events.js:96:17)
    at SocketNamespace.handlePacket (/home/socket_bookmarklet/node_modules/socket.io/lib/namespace.js:353:20)
    at Manager.onClientMessage (/home/socket_bookmarklet/node_modules/socket.io/lib/manager.js:487:38)
    at WebSocket.Transport.onMessage (/home/socket_bookmarklet/node_modules/socket.io/lib/transport.js:387:20)
    at Parser.<anonymous> (/home/socket_bookmarklet/node_modules/socket.io/lib/transports/websocket/hybi-16.js:39:10)
    at Parser.EventEmitter.emit (events.js:96:17)
    at opcodeHandlers.1.finish (/home/socket_bookmarklet/node_modules/socket.io/lib/transports/websocket/hybi-16.js:288:16)
    at Parser.opcodeHandlers.1.expectData [as expectHandler] (/home/socket_bookmarklet/node_modules/socket.io/lib/transports/websocket/hybi-16.js:299:15)
2012-11-10T02:17:21.701Z - crit: Error: not found
    at Socket.<anonymous> (/home/socket_bookmarklet/app.js:62:13)
    at Socket.Domain.bind.b (domain.js:201:18)
    at Socket.EventEmitter.emit [as $emit] (events.js:96:17)
    at SocketNamespace.handlePacket (/home/socket_bookmarklet/node_modules/socket.io/lib/namespace.js:353:20)
    at Manager.onClientMessage (/home/socket_bookmarklet/node_modules/socket.io/lib/manager.js:487:38)
    at WebSocket.Transport.onMessage (/home/socket_bookmarklet/node_modules/socket.io/lib/transport.js:387:20)
    at Parser.<anonymous> (/home/socket_bookmarklet/node_modules/socket.io/lib/transports/websocket/hybi-16.js:39:10)
    at Parser.EventEmitter.emit (events.js:96:17)
    at opcodeHandlers.1.finish (/home/socket_bookmarklet/node_modules/socket.io/lib/transports/websocket/hybi-16.js:288:16)
    at Parser.opcodeHandlers.1.expectData [as expectHandler] (/home/socket_bookmarklet/node_modules/socket.io/lib/transports/websocket/hybi-16.js:299:15)
2012-11-10T02:18:14.105Z - crit: Error: not found
    at Socket.<anonymous> (/home/socket_bookmarklet/app.js:62:13)
    at Socket.Domain.bind.b (domain.js:201:18)
    at Socket.EventEmitter.emit [as $emit] (events.js:96:17)
    at SocketNamespace.handlePacket (/home/socket_bookmarklet/node_modules/socket.io/lib/namespace.js:353:20)
    at Manager.onClientMessage (/home/socket_bookmarklet/node_modules/socket.io/lib/manager.js:487:38)
    at WebSocket.Transport.onMessage (/home/socket_bookmarklet/node_modules/socket.io/lib/transport.js:387:20)
    at Parser.<anonymous> (/home/socket_bookmarklet/node_modules/socket.io/lib/transports/websocket/hybi-16.js:39:10)
    at Parser.EventEmitter.emit (events.js:96:17)
    at opcodeHandlers.1.finish (/home/socket_bookmarklet/node_modules/socket.io/lib/transports/websocket/hybi-16.js:288:16)
    at Parser.opcodeHandlers.1.expectData [as expectHandler] (/home/socket_bookmarklet/node_modules/socket.io/lib/transports/websocket/hybi-16.js:299:15)
2012-11-10T02:18:23.528Z - crit: Error: not found
    at Socket.<anonymous> (/home/socket_bookmarklet/app.js:62:13)
    at Socket.Domain.bind.b (domain.js:201:18)
    at Socket.EventEmitter.emit [as $emit] (events.js:96:17)
    at SocketNamespace.handlePacket (/home/socket_bookmarklet/node_modules/socket.io/lib/namespace.js:353:20)
    at Manager.onClientMessage (/home/socket_bookmarklet/node_modules/socket.io/lib/manager.js:487:38)
    at WebSocket.Transport.onMessage (/home/socket_bookmarklet/node_modules/socket.io/lib/transport.js:387:20)
    at Parser.<anonymous> (/home/socket_bookmarklet/node_modules/socket.io/lib/transports/websocket/hybi-16.js:39:10)
    at Parser.EventEmitter.emit (events.js:96:17)
    at opcodeHandlers.1.finish (/home/socket_bookmarklet/node_modules/socket.io/lib/transports/websocket/hybi-16.js:288:16)
    at Parser.opcodeHandlers.1.expectData [as expectHandler] (/home/socket_bookmarklet/node_modules/socket.io/lib/transports/websocket/hybi-16.js:299:15)
2012-11-10T02:18:49.911Z - crit: Error: not found
    at Socket.<anonymous> (/home/socket_bookmarklet/app.js:62:13)
    at Socket.Domain.bind.b (domain.js:201:18)
    at Socket.EventEmitter.emit [as $emit] (events.js:96:17)
    at SocketNamespace.handlePacket (/home/socket_bookmarklet/node_modules/socket.io/lib/namespace.js:353:20)
    at Manager.onClientMessage (/home/socket_bookmarklet/node_modules/socket.io/lib/manager.js:487:38)
    at WebSocket.Transport.onMessage (/home/socket_bookmarklet/node_modules/socket.io/lib/transport.js:387:20)
    at Parser.<anonymous> (/home/socket_bookmarklet/node_modules/socket.io/lib/transports/websocket/hybi-16.js:39:10)
    at Parser.EventEmitter.emit (events.js:96:17)
    at opcodeHandlers.1.finish (/home/socket_bookmarklet/node_modules/socket.io/lib/transports/websocket/hybi-16.js:288:16)
    at Parser.opcodeHandlers.1.expectData [as expectHandler] (/home/socket_bookmarklet/node_modules/socket.io/lib/transports/websocket/hybi-16.js:299:15)
2012-11-10T02:18:55.065Z - crit: Error: not found
    at Socket.<anonymous> (/home/socket_bookmarklet/app.js:62:13)
    at Socket.Domain.bind.b (domain.js:201:18)
    at Socket.EventEmitter.emit [as $emit] (events.js:96:17)
    at SocketNamespace.handlePacket (/home/socket_bookmarklet/node_modules/socket.io/lib/namespace.js:353:20)
    at Manager.onClientMessage (/home/socket_bookmarklet/node_modules/socket.io/lib/manager.js:487:38)
    at WebSocket.Transport.onMessage (/home/socket_bookmarklet/node_modules/socket.io/lib/transport.js:387:20)
    at Parser.<anonymous> (/home/socket_bookmarklet/node_modules/socket.io/lib/transports/websocket/hybi-16.js:39:10)
    at Parser.EventEmitter.emit (events.js:96:17)
    at opcodeHandlers.1.finish (/home/socket_bookmarklet/node_modules/socket.io/lib/transports/websocket/hybi-16.js:288:16)
    at Parser.opcodeHandlers.1.expectData [as expectHandler] (/home/socket_bookmarklet/node_modules/socket.io/lib/transports/websocket/hybi-16.js:299:15)
2012-11-10T02:18:57.812Z - crit: Error: not found
    at Socket.<anonymous> (/home/socket_bookmarklet/app.js:62:13)
    at Socket.Domain.bind.b (domain.js:201:18)
    at Socket.EventEmitter.emit [as $emit] (events.js:96:17)
    at SocketNamespace.handlePacket (/home/socket_bookmarklet/node_modules/socket.io/lib/namespace.js:353:20)
    at Manager.onClientMessage (/home/socket_bookmarklet/node_modules/socket.io/lib/manager.js:487:38)
    at WebSocket.Transport.onMessage (/home/socket_bookmarklet/node_modules/socket.io/lib/transport.js:387:20)
    at Parser.<anonymous> (/home/socket_bookmarklet/node_modules/socket.io/lib/transports/websocket/hybi-16.js:39:10)
    at Parser.EventEmitter.emit (events.js:96:17)
    at opcodeHandlers.1.finish (/home/socket_bookmarklet/node_modules/socket.io/lib/transports/websocket/hybi-16.js:288:16)
    at Parser.opcodeHandlers.1.expectData [as expectHandler] (/home/socket_bookmarklet/node_modules/socket.io/lib/transports/websocket/hybi-16.js:299:15)
2012-11-10T02:19:06.279Z - crit: Error: not found
    at Socket.<anonymous> (/home/socket_bookmarklet/app.js:62:13)
    at Socket.Domain.bind.b (domain.js:201:18)
    at Socket.EventEmitter.emit [as $emit] (events.js:96:17)
    at SocketNamespace.handlePacket (/home/socket_bookmarklet/node_modules/socket.io/lib/namespace.js:353:20)
    at Manager.onClientMessage (/home/socket_bookmarklet/node_modules/socket.io/lib/manager.js:487:38)
    at WebSocket.Transport.onMessage (/home/socket_bookmarklet/node_modules/socket.io/lib/transport.js:387:20)
    at Parser.<anonymous> (/home/socket_bookmarklet/node_modules/socket.io/lib/transports/websocket/hybi-16.js:39:10)
    at Parser.EventEmitter.emit (events.js:96:17)
    at opcodeHandlers.1.finish (/home/socket_bookmarklet/node_modules/socket.io/lib/transports/websocket/hybi-16.js:288:16)
    at Parser.opcodeHandlers.1.expectData [as expectHandler] (/home/socket_bookmarklet/node_modules/socket.io/lib/transports/websocket/hybi-16.js:299:15)
2012-11-10T02:19:37.198Z - crit: Error: not found
    at Socket.<anonymous> (/home/socket_bookmarklet/app.js:62:13)
    at Socket.Domain.bind.b (domain.js:201:18)
    at Socket.EventEmitter.emit [as $emit] (events.js:96:17)
    at SocketNamespace.handlePacket (/home/socket_bookmarklet/node_modules/socket.io/lib/namespace.js:353:20)
    at Manager.onClientMessage (/home/socket_bookmarklet/node_modules/socket.io/lib/manager.js:487:38)
    at WebSocket.Transport.onMessage (/home/socket_bookmarklet/node_modules/socket.io/lib/transport.js:387:20)
    at Parser.<anonymous> (/home/socket_bookmarklet/node_modules/socket.io/lib/transports/websocket/hybi-16.js:39:10)
    at Parser.EventEmitter.emit (events.js:96:17)
    at opcodeHandlers.1.finish (/home/socket_bookmarklet/node_modules/socket.io/lib/transports/websocket/hybi-16.js:288:16)
    at Parser.opcodeHandlers.1.expectData [as expectHandler] (/home/socket_bookmarklet/node_modules/socket.io/lib/transports/websocket/hybi-16.js:299:15)
2012-11-10T02:19:49.014Z - crit: Error: not found
    at Socket.<anonymous> (/home/socket_bookmarklet/app.js:62:13)
    at Socket.Domain.bind.b (domain.js:201:18)
    at Socket.EventEmitter.emit [as $emit] (events.js:96:17)
    at SocketNamespace.handlePacket (/home/socket_bookmarklet/node_modules/socket.io/lib/namespace.js:353:20)
    at Manager.onClientMessage (/home/socket_bookmarklet/node_modules/socket.io/lib/manager.js:487:38)
    at WebSocket.Transport.onMessage (/home/socket_bookmarklet/node_modules/socket.io/lib/transport.js:387:20)
    at Parser.<anonymous> (/home/socket_bookmarklet/node_modules/socket.io/lib/transports/websocket/hybi-16.js:39:10)
    at Parser.EventEmitter.emit (events.js:96:17)
    at opcodeHandlers.1.finish (/home/socket_bookmarklet/node_modules/socket.io/lib/transports/websocket/hybi-16.js:288:16)
    at Parser.opcodeHandlers.1.expectData [as expectHandler] (/home/socket_bookmarklet/node_modules/socket.io/lib/transports/websocket/hybi-16.js:299:15)
2012-11-10T02:20:04.651Z - crit: Error: not found
    at Socket.<anonymous> (/home/socket_bookmarklet/app.js:62:13)
    at Socket.Domain.bind.b (domain.js:201:18)
    at Socket.EventEmitter.emit [as $emit] (events.js:96:17)
    at SocketNamespace.handlePacket (/home/socket_bookmarklet/node_modules/socket.io/lib/namespace.js:353:20)
    at Manager.onClientMessage (/home/socket_bookmarklet/node_modules/socket.io/lib/manager.js:487:38)
    at WebSocket.Transport.onMessage (/home/socket_bookmarklet/node_modules/socket.io/lib/transport.js:387:20)
    at Parser.<anonymous> (/home/socket_bookmarklet/node_modules/socket.io/lib/transports/websocket/hybi-16.js:39:10)
    at Parser.EventEmitter.emit (events.js:96:17)
    at opcodeHandlers.1.finish (/home/socket_bookmarklet/node_modules/socket.io/lib/transports/websocket/hybi-16.js:288:16)
    at Parser.opcodeHandlers.1.expectData [as expectHandler] (/home/socket_bookmarklet/node_modules/socket.io/lib/transports/websocket/hybi-16.js:299:15)
2012-11-10T02:20:11.359Z - crit: Error: not found
    at Socket.<anonymous> (/home/socket_bookmarklet/app.js:62:13)
    at Socket.Domain.bind.b (domain.js:201:18)
    at Socket.EventEmitter.emit [as $emit] (events.js:96:17)
    at SocketNamespace.handlePacket (/home/socket_bookmarklet/node_modules/socket.io/lib/namespace.js:353:20)
    at Manager.onClientMessage (/home/socket_bookmarklet/node_modules/socket.io/lib/manager.js:487:38)
    at WebSocket.Transport.onMessage (/home/socket_bookmarklet/node_modules/socket.io/lib/transport.js:387:20)
    at Parser.<anonymous> (/home/socket_bookmarklet/node_modules/socket.io/lib/transports/websocket/hybi-16.js:39:10)
    at Parser.EventEmitter.emit (events.js:96:17)
    at opcodeHandlers.1.finish (/home/socket_bookmarklet/node_modules/socket.io/lib/transports/websocket/hybi-16.js:288:16)
    at Parser.opcodeHandlers.1.expectData [as expectHandler] (/home/socket_bookmarklet/node_modules/socket.io/lib/transports/websocket/hybi-16.js:299:15)
2012-11-10T02:20:21.730Z - crit: Error: not found
    at Socket.<anonymous> (/home/socket_bookmarklet/app.js:62:13)
    at Socket.Domain.bind.b (domain.js:201:18)
    at Socket.EventEmitter.emit [as $emit] (events.js:96:17)
    at SocketNamespace.handlePacket (/home/socket_bookmarklet/node_modules/socket.io/lib/namespace.js:353:20)
    at Manager.onClientMessage (/home/socket_bookmarklet/node_modules/socket.io/lib/manager.js:487:38)
    at WebSocket.Transport.onMessage (/home/socket_bookmarklet/node_modules/socket.io/lib/transport.js:387:20)
    at Parser.<anonymous> (/home/socket_bookmarklet/node_modules/socket.io/lib/transports/websocket/hybi-16.js:39:10)
    at Parser.EventEmitter.emit (events.js:96:17)
    at opcodeHandlers.1.finish (/home/socket_bookmarklet/node_modules/socket.io/lib/transports/websocket/hybi-16.js:288:16)
    at Parser.opcodeHandlers.1.expectData [as expectHandler] (/home/socket_bookmarklet/node_modules/socket.io/lib/transports/websocket/hybi-16.js:299:15)
2012-11-10T02:20:42.142Z - crit: Error: not found
    at Socket.<anonymous> (/home/socket_bookmarklet/app.js:62:13)
    at Socket.Domain.bind.b (domain.js:201:18)
    at Socket.EventEmitter.emit [as $emit] (events.js:96:17)
    at SocketNamespace.handlePacket (/home/socket_bookmarklet/node_modules/socket.io/lib/namespace.js:353:20)
    at Manager.onClientMessage (/home/socket_bookmarklet/node_modules/socket.io/lib/manager.js:487:38)
    at WebSocket.Transport.onMessage (/home/socket_bookmarklet/node_modules/socket.io/lib/transport.js:387:20)
    at Parser.<anonymous> (/home/socket_bookmarklet/node_modules/socket.io/lib/transports/websocket/hybi-16.js:39:10)
    at Parser.EventEmitter.emit (events.js:96:17)
    at opcodeHandlers.1.finish (/home/socket_bookmarklet/node_modules/socket.io/lib/transports/websocket/hybi-16.js:288:16)
    at Parser.opcodeHandlers.1.expectData [as expectHandler] (/home/socket_bookmarklet/node_modules/socket.io/lib/transports/websocket/hybi-16.js:299:15)
2012-11-10T02:21:59.313Z - crit: Error: not found
    at Socket.<anonymous> (/home/socket_bookmarklet/app.js:62:13)
    at Socket.Domain.bind.b (domain.js:201:18)
    at Socket.EventEmitter.emit [as $emit] (events.js:96:17)
    at SocketNamespace.handlePacket (/home/socket_bookmarklet/node_modules/socket.io/lib/namespace.js:353:20)
    at Manager.onClientMessage (/home/socket_bookmarklet/node_modules/socket.io/lib/manager.js:487:38)
    at WebSocket.Transport.onMessage (/home/socket_bookmarklet/node_modules/socket.io/lib/transport.js:387:20)
    at Parser.<anonymous> (/home/socket_bookmarklet/node_modules/socket.io/lib/transports/websocket/hybi-16.js:39:10)
    at Parser.EventEmitter.emit (events.js:96:17)
    at opcodeHandlers.1.finish (/home/socket_bookmarklet/node_modules/socket.io/lib/transports/websocket/hybi-16.js:288:16)
    at Parser.opcodeHandlers.1.expectData [as expectHandler] (/home/socket_bookmarklet/node_modules/socket.io/lib/transports/websocket/hybi-16.js:299:15)
2012-11-10T02:22:54.905Z - crit: Error: not found
    at Socket.<anonymous> (/home/socket_bookmarklet/app.js:62:13)
    at Socket.Domain.bind.b (domain.js:201:18)
    at Socket.EventEmitter.emit [as $emit] (events.js:96:17)
    at SocketNamespace.handlePacket (/home/socket_bookmarklet/node_modules/socket.io/lib/namespace.js:353:20)
    at Manager.onClientMessage (/home/socket_bookmarklet/node_modules/socket.io/lib/manager.js:487:38)
    at WebSocket.Transport.onMessage (/home/socket_bookmarklet/node_modules/socket.io/lib/transport.js:387:20)
    at Parser.<anonymous> (/home/socket_bookmarklet/node_modules/socket.io/lib/transports/websocket/hybi-16.js:39:10)
    at Parser.EventEmitter.emit (events.js:96:17)
    at opcodeHandlers.1.finish (/home/socket_bookmarklet/node_modules/socket.io/lib/transports/websocket/hybi-16.js:288:16)
    at Parser.opcodeHandlers.1.expectData [as expectHandler] (/home/socket_bookmarklet/node_modules/socket.io/lib/transports/websocket/hybi-16.js:299:15)
2012-11-10T02:23:33.396Z - crit: Error: not found
    at Socket.<anonymous> (/home/socket_bookmarklet/app.js:62:13)
    at Socket.Domain.bind.b (domain.js:201:18)
    at Socket.EventEmitter.emit [as $emit] (events.js:96:17)
    at SocketNamespace.handlePacket (/home/socket_bookmarklet/node_modules/socket.io/lib/namespace.js:353:20)
    at Manager.onClientMessage (/home/socket_bookmarklet/node_modules/socket.io/lib/manager.js:487:38)
    at WebSocket.Transport.onMessage (/home/socket_bookmarklet/node_modules/socket.io/lib/transport.js:387:20)
    at Parser.<anonymous> (/home/socket_bookmarklet/node_modules/socket.io/lib/transports/websocket/hybi-16.js:39:10)
    at Parser.EventEmitter.emit (events.js:96:17)
    at opcodeHandlers.1.finish (/home/socket_bookmarklet/node_modules/socket.io/lib/transports/websocket/hybi-16.js:288:16)
    at Parser.opcodeHandlers.1.expectData [as expectHandler] (/home/socket_bookmarklet/node_modules/socket.io/lib/transports/websocket/hybi-16.js:299:15)
2012-11-10T02:24:06.477Z - crit: Error: not found
    at Socket.<anonymous> (/home/socket_bookmarklet/app.js:62:13)
    at Socket.Domain.bind.b (domain.js:201:18)
    at Socket.EventEmitter.emit [as $emit] (events.js:96:17)
    at SocketNamespace.handlePacket (/home/socket_bookmarklet/node_modules/socket.io/lib/namespace.js:353:20)
    at Manager.onClientMessage (/home/socket_bookmarklet/node_modules/socket.io/lib/manager.js:487:38)
    at WebSocket.Transport.onMessage (/home/socket_bookmarklet/node_modules/socket.io/lib/transport.js:387:20)
    at Parser.<anonymous> (/home/socket_bookmarklet/node_modules/socket.io/lib/transports/websocket/hybi-16.js:39:10)
    at Parser.EventEmitter.emit (events.js:96:17)
    at opcodeHandlers.1.finish (/home/socket_bookmarklet/node_modules/socket.io/lib/transports/websocket/hybi-16.js:288:16)
    at Parser.opcodeHandlers.1.expectData [as expectHandler] (/home/socket_bookmarklet/node_modules/socket.io/lib/transports/websocket/hybi-16.js:299:15)
2012-11-10T02:24:13.608Z - crit: Error: not found
    at Socket.<anonymous> (/home/socket_bookmarklet/app.js:62:13)
    at Socket.Domain.bind.b (domain.js:201:18)
    at Socket.EventEmitter.emit [as $emit] (events.js:96:17)
    at SocketNamespace.handlePacket (/home/socket_bookmarklet/node_modules/socket.io/lib/namespace.js:353:20)
    at Manager.onClientMessage (/home/socket_bookmarklet/node_modules/socket.io/lib/manager.js:487:38)
    at WebSocket.Transport.onMessage (/home/socket_bookmarklet/node_modules/socket.io/lib/transport.js:387:20)
    at Parser.<anonymous> (/home/socket_bookmarklet/node_modules/socket.io/lib/transports/websocket/hybi-16.js:39:10)
    at Parser.EventEmitter.emit (events.js:96:17)
    at opcodeHandlers.1.finish (/home/socket_bookmarklet/node_modules/socket.io/lib/transports/websocket/hybi-16.js:288:16)
    at Parser.opcodeHandlers.1.expectData [as expectHandler] (/home/socket_bookmarklet/node_modules/socket.io/lib/transports/websocket/hybi-16.js:299:15)
2012-11-10T02:24:20.163Z - crit: Error: not found
    at Socket.<anonymous> (/home/socket_bookmarklet/app.js:62:13)
    at Socket.Domain.bind.b (domain.js:201:18)
    at Socket.EventEmitter.emit [as $emit] (events.js:96:17)
    at SocketNamespace.handlePacket (/home/socket_bookmarklet/node_modules/socket.io/lib/namespace.js:353:20)
    at Manager.onClientMessage (/home/socket_bookmarklet/node_modules/socket.io/lib/manager.js:487:38)
    at WebSocket.Transport.onMessage (/home/socket_bookmarklet/node_modules/socket.io/lib/transport.js:387:20)
    at Parser.<anonymous> (/home/socket_bookmarklet/node_modules/socket.io/lib/transports/websocket/hybi-16.js:39:10)
    at Parser.EventEmitter.emit (events.js:96:17)
    at opcodeHandlers.1.finish (/home/socket_bookmarklet/node_modules/socket.io/lib/transports/websocket/hybi-16.js:288:16)
    at Parser.opcodeHandlers.1.expectData [as expectHandler] (/home/socket_bookmarklet/node_modules/socket.io/lib/transports/websocket/hybi-16.js:299:15)
2012-11-10T02:25:47.920Z - crit: Error: not found
    at Socket.<anonymous> (/home/socket_bookmarklet/app.js:62:13)
    at Socket.Domain.bind.b (domain.js:201:18)
    at Socket.EventEmitter.emit [as $emit] (events.js:96:17)
    at SocketNamespace.handlePacket (/home/socket_bookmarklet/node_modules/socket.io/lib/namespace.js:353:20)
    at Manager.onClientMessage (/home/socket_bookmarklet/node_modules/socket.io/lib/manager.js:487:38)
    at WebSocket.Transport.onMessage (/home/socket_bookmarklet/node_modules/socket.io/lib/transport.js:387:20)
    at Parser.<anonymous> (/home/socket_bookmarklet/node_modules/socket.io/lib/transports/websocket/hybi-16.js:39:10)
    at Parser.EventEmitter.emit (events.js:96:17)
    at opcodeHandlers.1.finish (/home/socket_bookmarklet/node_modules/socket.io/lib/transports/websocket/hybi-16.js:288:16)
    at Parser.opcodeHandlers.1.expectData [as expectHandler] (/home/socket_bookmarklet/node_modules/socket.io/lib/transports/websocket/hybi-16.js:299:15)
2012-11-10T02:26:09.878Z - crit: Error: not found
    at Socket.<anonymous> (/home/socket_bookmarklet/app.js:62:13)
    at Socket.Domain.bind.b (domain.js:201:18)
    at Socket.EventEmitter.emit [as $emit] (events.js:96:17)
    at SocketNamespace.handlePacket (/home/socket_bookmarklet/node_modules/socket.io/lib/namespace.js:353:20)
    at Manager.onClientMessage (/home/socket_bookmarklet/node_modules/socket.io/lib/manager.js:487:38)
    at WebSocket.Transport.onMessage (/home/socket_bookmarklet/node_modules/socket.io/lib/transport.js:387:20)
    at Parser.<anonymous> (/home/socket_bookmarklet/node_modules/socket.io/lib/transports/websocket/hybi-16.js:39:10)
    at Parser.EventEmitter.emit (events.js:96:17)
    at opcodeHandlers.1.finish (/home/socket_bookmarklet/node_modules/socket.io/lib/transports/websocket/hybi-16.js:288:16)
    at Parser.opcodeHandlers.1.expectData [as expectHandler] (/home/socket_bookmarklet/node_modules/socket.io/lib/transports/websocket/hybi-16.js:299:15)
